#
# There is insufficient memory for the Java Runtime Environment to continue.
# Native memory allocation (malloc) failed to allocate 1048576 bytes. Error detail: AllocateHeap
# Possible reasons:
#   The system is out of physical RAM or swap space
#   This process is running with CompressedOops enabled, and the Java Heap may be blocking the growth of the native heap
# Possible solutions:
#   Reduce memory load on the system
#   Increase physical memory or swap space
#   Check if swap backing store is full
#   Decrease Java heap size (-Xmx/-Xms)
#   Decrease number of Java threads
#   Decrease Java thread stack sizes (-Xss)
#   Set larger code cache with -XX:ReservedCodeCacheSize=
#   JVM is running with Unscaled Compressed Oops mode in which the Java heap is
#     placed in the first 4GB address space. The Java Heap base address is the
#     maximum limit for the native heap growth. Please use -XX:HeapBaseMinAddress
#     to set the Java Heap base and to place the Java Heap above 4GB virtual address.
# This output file may be truncated or incomplete.
#
#  Out of Memory Error (allocation.cpp:44), pid=12172, tid=15424
#
# JRE version:  (21.0.5+8) (build )
# Java VM: OpenJDK 64-Bit Server VM (21.0.5+8-b631.16, mixed mode, sharing, tiered, compressed oops, compressed class ptrs, g1 gc, windows-amd64)
# No core dump will be written. Minidumps are not enabled by default on client versions of Windows
#

---------------  S U M M A R Y ------------

Command Line: git4idea.http.GitAskPassApp Username for 'https://gitlab.com': 

Host: AMD Ryzen 5 5600U with Radeon Graphics         , 12 cores, 7G,  Windows 11 , 64 bit Build 26100 (10.0.26100.4202)
Time: Sun Jul 13 21:37:28 2025 Greenwich Standard Time elapsed time: 1.060834 seconds (0d 0h 0m 1s)

---------------  T H R E A D  ---------------

Current thread (0x000001fd4ab7f420):  JavaThread "Unknown thread" [_thread_in_vm, id=15424, stack(0x000000ccf5d00000,0x000000ccf5e00000) (1024K)]

Stack: [0x000000ccf5d00000,0x000000ccf5e00000]
Native frames: (J=compiled Java code, j=interpreted, Vv=VM code, C=native code)
V  [jvm.dll+0x6e52b9]
V  [jvm.dll+0x8c3633]
V  [jvm.dll+0x8c5b8e]
V  [jvm.dll+0x8c6273]
V  [jvm.dll+0x288f46]
V  [jvm.dll+0xc0e57]
V  [jvm.dll+0x3339c5]
V  [jvm.dll+0x88aa4d]
V  [jvm.dll+0x3ca518]
V  [jvm.dll+0x873b98]
V  [jvm.dll+0x45eede]
V  [jvm.dll+0x460bc1]
C  [jli.dll+0x52ab]
C  [ucrtbase.dll+0x37b0]
C  [KERNEL32.DLL+0x2e8d7]
C  [ntdll.dll+0x3c34c]


---------------  P R O C E S S  ---------------

Threads class SMR info:
_java_thread_list=0x00007ffdf517a148, length=0, elements={
}

Java Threads: ( => current thread )
Total: 0

Other Threads:

=>0x000001fd4ab7f420 (exited) JavaThread "Unknown thread"    [_thread_in_vm, id=15424, stack(0x000000ccf5d00000,0x000000ccf5e00000) (1024K)]
Total: 1

Threads with active compile tasks:
Total: 0

VM state: not at safepoint (not fully initialized)

VM Mutex/Monitor currently owned by a thread: None

Heap address: 0x0000000000000000, size: 0 MB, Compressed Oops mode: 32-bit

CDS archive(s) mapped at: [0x0000000000000000-0x0000000000000000-0x0000000000000000), size 0, SharedBaseAddress: 0x0000000800000000, ArchiveRelocationMode: 1.
Narrow klass base: 0x0000000000000000, Narrow klass shift: 0, Narrow klass range: 0x0

GC Precious Log:
 CardTable entry size: 512
 Card Set container configuration: InlinePtr #cards 5 size 8 Array Of Cards #cards 12 size 40 Howl #buckets 4 coarsen threshold 1843 Howl Bitmap #cards 512 size 80 coarsen threshold 460 Card regions per heap region 1 cards per card region 2048

GC Heap History (0 events):
No events

Dll operation events (1 events):
Event: 0.017 Loaded shared library C:\Program Files\JetBrains\IntelliJ IDEA 2024.3\jbr\bin\java.dll

Deoptimization events (0 events):
No events

Classes loaded (0 events):
No events

Classes unloaded (0 events):
No events

Classes redefined (0 events):
No events

Internal exceptions (0 events):
No events

ZGC Phase Switch (0 events):
No events

VM Operations (0 events):
No events

Memory protections (0 events):
No events

Nmethod flushes (0 events):
No events

Events (0 events):
No events


Dynamic libraries:
0x00007ff71b190000 - 0x00007ff71b19a000 	C:\Program Files\JetBrains\IntelliJ IDEA 2024.3\jbr\bin\java.exe
0x00007ffe74440000 - 0x00007ffe746a5000 	C:\WINDOWS\SYSTEM32\ntdll.dll
0x00007ffe72790000 - 0x00007ffe72859000 	C:\WINDOWS\System32\KERNEL32.DLL
0x00007ffe71a70000 - 0x00007ffe71e58000 	C:\WINDOWS\System32\KERNELBASE.dll
0x00007ffe71fd0000 - 0x00007ffe7211b000 	C:\WINDOWS\System32\ucrtbase.dll
0x00007ffdf4500000 - 0x00007ffdf451b000 	C:\Program Files\JetBrains\IntelliJ IDEA 2024.3\jbr\bin\VCRUNTIME140.dll
0x00007ffdf4490000 - 0x00007ffdf44a8000 	C:\Program Files\JetBrains\IntelliJ IDEA 2024.3\jbr\bin\jli.dll
0x00007ffe72870000 - 0x00007ffe72a3a000 	C:\WINDOWS\System32\USER32.dll
0x00007ffe558d0000 - 0x00007ffe55b6a000 	C:\WINDOWS\WinSxS\amd64_microsoft.windows.common-controls_6595b64144ccf1df_6.0.26100.4202_none_3e0698d4e335f517\COMCTL32.dll
0x00007ffe71e60000 - 0x00007ffe71e87000 	C:\WINDOWS\System32\win32u.dll
0x00007ffe72d10000 - 0x00007ffe72db9000 	C:\WINDOWS\System32\msvcrt.dll
0x00007ffe72440000 - 0x00007ffe7246b000 	C:\WINDOWS\System32\GDI32.dll
0x00007ffe71630000 - 0x00007ffe71767000 	C:\WINDOWS\System32\gdi32full.dll
0x00007ffe71f20000 - 0x00007ffe71fc3000 	C:\WINDOWS\System32\msvcp_win.dll
0x00007ffe72500000 - 0x00007ffe72530000 	C:\WINDOWS\System32\IMM32.DLL
0x00007ffdf44f0000 - 0x00007ffdf44fc000 	C:\Program Files\JetBrains\IntelliJ IDEA 2024.3\jbr\bin\vcruntime140_1.dll
0x00007ffe42610000 - 0x00007ffe4269d000 	C:\Program Files\JetBrains\IntelliJ IDEA 2024.3\jbr\bin\msvcp140.dll
0x00007ffdf4520000 - 0x00007ffdf52e1000 	C:\Program Files\JetBrains\IntelliJ IDEA 2024.3\jbr\bin\server\jvm.dll
0x00007ffe74340000 - 0x00007ffe743f3000 	C:\WINDOWS\System32\ADVAPI32.dll
0x00007ffe72dc0000 - 0x00007ffe72e66000 	C:\WINDOWS\System32\sechost.dll
0x00007ffe74200000 - 0x00007ffe74315000 	C:\WINDOWS\System32\RPCRT4.dll
0x00007ffe721e0000 - 0x00007ffe72254000 	C:\WINDOWS\System32\WS2_32.dll
0x00007ffe713e0000 - 0x00007ffe7143e000 	C:\WINDOWS\SYSTEM32\POWRPROF.dll
0x00007ffe69b00000 - 0x00007ffe69b35000 	C:\WINDOWS\SYSTEM32\WINMM.dll
0x00007ffe6a660000 - 0x00007ffe6a66b000 	C:\WINDOWS\SYSTEM32\VERSION.dll
0x00007ffe713c0000 - 0x00007ffe713d4000 	C:\WINDOWS\SYSTEM32\UMPDC.dll
0x00007ffe70310000 - 0x00007ffe7032b000 	C:\WINDOWS\SYSTEM32\kernel.appcore.dll
0x00007ffdf44e0000 - 0x00007ffdf44ea000 	C:\Program Files\JetBrains\IntelliJ IDEA 2024.3\jbr\bin\jimage.dll
0x00007ffe6ed70000 - 0x00007ffe6efb1000 	C:\WINDOWS\SYSTEM32\DBGHELP.DLL
0x00007ffe73e70000 - 0x00007ffe741f5000 	C:\WINDOWS\System32\combase.dll
0x00007ffe73440000 - 0x00007ffe73521000 	C:\WINDOWS\System32\OLEAUT32.dll
0x00007ffe530e0000 - 0x00007ffe53119000 	C:\WINDOWS\SYSTEM32\dbgcore.DLL
0x00007ffe71590000 - 0x00007ffe71629000 	C:\WINDOWS\System32\bcryptPrimitives.dll
0x00007ffdf44b0000 - 0x00007ffdf44d0000 	C:\Program Files\JetBrains\IntelliJ IDEA 2024.3\jbr\bin\java.dll

dbghelp: loaded successfully - version: 4.0.5 - missing functions: none
symbol engine: initialized successfully - sym options: 0x614 - pdb path: .;C:\Program Files\JetBrains\IntelliJ IDEA 2024.3\jbr\bin;C:\WINDOWS\SYSTEM32;C:\WINDOWS\WinSxS\amd64_microsoft.windows.common-controls_6595b64144ccf1df_6.0.26100.4202_none_3e0698d4e335f517;C:\Program Files\JetBrains\IntelliJ IDEA 2024.3\jbr\bin\server

VM Arguments:
java_command: git4idea.http.GitAskPassApp Username for 'https://gitlab.com': 
java_class_path (initial): C:/Program Files/JetBrains/IntelliJ IDEA 2024.3/plugins/vcs-git/lib/git4idea-rt.jar;C:/Program Files/JetBrains/IntelliJ IDEA 2024.3/lib/externalProcess-rt.jar
Launcher Type: SUN_STANDARD

[Global flags]
     intx CICompilerCount                          = 4                                         {product} {ergonomic}
     uint ConcGCThreads                            = 3                                         {product} {ergonomic}
     uint G1ConcRefinementThreads                  = 10                                        {product} {ergonomic}
   size_t G1HeapRegionSize                         = 1048576                                   {product} {ergonomic}
    uintx GCDrainStackTargetSize                   = 64                                        {product} {ergonomic}
   size_t InitialHeapSize                          = 123731968                                 {product} {ergonomic}
   size_t MarkStackSize                            = 4194304                                   {product} {ergonomic}
   size_t MaxHeapSize                              = 1965031424                                {product} {ergonomic}
   size_t MinHeapDeltaBytes                        = 1048576                                   {product} {ergonomic}
   size_t MinHeapSize                              = 8388608                                   {product} {ergonomic}
    uintx NonNMethodCodeHeapSize                   = 5839372                                {pd product} {ergonomic}
    uintx NonProfiledCodeHeapSize                  = 122909434                              {pd product} {ergonomic}
    uintx ProfiledCodeHeapSize                     = 122909434                              {pd product} {ergonomic}
    uintx ReservedCodeCacheSize                    = 251658240                              {pd product} {ergonomic}
     bool SegmentedCodeCache                       = true                                      {product} {ergonomic}
   size_t SoftMaxHeapSize                          = 1965031424                             {manageable} {ergonomic}
     bool UseCompressedOops                        = true                           {product lp64_product} {ergonomic}
     bool UseG1GC                                  = true                                      {product} {ergonomic}
     bool UseLargePagesIndividualAllocation        = false                                  {pd product} {ergonomic}

Logging:
Log output configuration:
 #0: stdout all=warning uptime,level,tags foldmultilines=false
 #1: stderr all=off uptime,level,tags foldmultilines=false

Environment Variables:
PATH=C:\Program Files\Git\mingw64\libexec\git-core;C:\Program Files\Git\mingw64\libexec\git-core;C:\Program Files\Git\mingw64\bin;C:\Program Files\Git\usr\bin;C:\Users\Nabil\bin;C:\Program Files\Common Files\Oracle\Java\javapath;C:\WINDOWS\system32;C:\WINDOWS;C:\WINDOWS\System32\Wbem;C:\WINDOWS\System32\WindowsPowerShell\v1.0;C:\WINDOWS\System32\OpenSSH;C:\ProgramData\chocolatey\bin;C:\Program Files\Docker\Docker\resources\bin;C:\Program Files\Git\cmd;C:\Users\Nabil\AppData\Local\nvm;C:\nvm4w\nodejs;E:\flutter_windows\flutter\bin;C:\Users\Nabil\AppData\Local\Programs\cursor\resources\app\bin;C:\Program Files\MySQL\MySQL Shell 8.0\bin;C:\Users\Nabil\AppData\Local\Microsoft\WindowsApps;C:\Program Files\JetBrains\PyCharm 2025.1.2\bin;C:\Users\Nabil\AppData\Roaming\npm;C:\Users\Nabil\AppData\Local\nvm;C:\nvm4w\nodejs;C:\Program Files\JetBrains\IntelliJ IDEA 2024.3\bin;C:\Users\Nabil\AppData\Local\Programs\Microsoft VS Code\bin;E:\flutter_windows\flutter;C:\Users\Nabil\AppData\Local\Programs\cursor\resources\app\bin
USERNAME=Nabil
DISPLAY=:0.0
LC_ALL=en_US.UTF-8
TERM=xterm-256color
TMPDIR=C:\Users\Nabil\AppData\Local\Temp
OS=Windows_NT
PROCESSOR_IDENTIFIER=AMD64 Family 25 Model 80 Stepping 0, AuthenticAMD
TMP=C:\Users\Nabil\AppData\Local\Temp
TEMP=C:\Users\Nabil\AppData\Local\Temp




Periodic native trim disabled

JNI global refs:
JNI global refs: 0, weak refs: 0

JNI global refs memory usage: 0, weak refs: 0

Process memory usage:
Resident Set Size: 11544K (0% of 7668804K total physical memory with 469292K free physical memory)

OOME stack traces (most recent first):
Classloader memory used:

---------------  S Y S T E M  ---------------

OS:
 Windows 11 , 64 bit Build 26100 (10.0.26100.4202)
OS uptime: 6 days 7:05 hours
Hyper-V role detected

CPU: total 12 (initial active 12) (12 cores per cpu, 2 threads per core) family 25 model 80 stepping 0 microcode 0xa50000d, cx8, cmov, fxsr, ht, mmx, 3dnowpref, sse, sse2, sse3, ssse3, sse4a, sse4.1, sse4.2, popcnt, lzcnt, tsc, tscinvbit, avx, avx2, aes, erms, clmul, bmi1, bmi2, adx, sha, fma, vzeroupper, clflush, clflushopt, hv, rdtscp, rdpid, fsrm, f16c, cet_ss
Processor Information for processor 0
  Max Mhz: 2301, Current Mhz: 2301, Mhz Limit: 2301
Processor Information for processor 1
  Max Mhz: 2301, Current Mhz: 1990, Mhz Limit: 2301
Processor Information for processor 2
  Max Mhz: 2301, Current Mhz: 2301, Mhz Limit: 2301
Processor Information for processor 3
  Max Mhz: 2301, Current Mhz: 1990, Mhz Limit: 2301
Processor Information for processor 4
  Max Mhz: 2301, Current Mhz: 1990, Mhz Limit: 2301
Processor Information for processor 5
  Max Mhz: 2301, Current Mhz: 2301, Mhz Limit: 2301
Processor Information for processor 6
  Max Mhz: 2301, Current Mhz: 1990, Mhz Limit: 2301
Processor Information for processor 7
  Max Mhz: 2301, Current Mhz: 2301, Mhz Limit: 2301
Processor Information for processor 8
  Max Mhz: 2301, Current Mhz: 1990, Mhz Limit: 2301
Processor Information for processor 9
  Max Mhz: 2301, Current Mhz: 2301, Mhz Limit: 2301
Processor Information for processor 10
  Max Mhz: 2301, Current Mhz: 1990, Mhz Limit: 2301
Processor Information for processor 11
  Max Mhz: 2301, Current Mhz: 2301, Mhz Limit: 2301

Memory: 4k page, system-wide physical 7489M (458M free)
TotalPageFile size 30017M (AvailPageFile size 7M)
current process WorkingSet (physical memory assigned to process): 11M, peak: 11M
current process commit charge ("private bytes"): 17M, peak: 18M

vm_info: OpenJDK 64-Bit Server VM (21.0.5+8-b631.16) for windows-amd64 JRE (21.0.5+8-b631.16), built on 2024-11-02 by "builduser" with MS VC++ 16.10 / 16.11 (VS2019)

END.
